[23-Aug-2017 11:35:46 America/New_York] PHP Notice:  Undefined index: __aca_form__upresent in /var/www/clients/client0/web1/web/pub/aca/acaform-handler.php on line 48
[23-Aug-2017 11:35:46 America/New_York] PHP Notice:  Undefined index: __aca_form__urescuer in /var/www/clients/client0/web1/web/pub/aca/acaform-handler.php on line 49
[23-Aug-2017 11:35:46 America/New_York] PHP Notice:  Undefined index: __aca_form__uphotos in /var/www/clients/client0/web1/web/pub/aca/acaform-handler.php on line 51
[26-Aug-2017 09:09:29 America/New_York] PHP Notice:  Undefined index: __aca_form__upresent in /var/www/clients/client0/web1/web/pub/aca/acaform-handler.php on line 48
[26-Aug-2017 09:09:29 America/New_York] PHP Notice:  Undefined index: __aca_form__urescuer in /var/www/clients/client0/web1/web/pub/aca/acaform-handler.php on line 49
[26-Aug-2017 09:09:29 America/New_York] PHP Notice:  Undefined index: __aca_form__uphotos in /var/www/clients/client0/web1/web/pub/aca/acaform-handler.php on line 51
[26-Aug-2017 21:42:41 America/New_York] PHP Notice:  Undefined index: __aca_form__upresent in /var/www/clients/client0/web1/web/pub/aca/acaform-handler.php on line 48
[26-Aug-2017 21:42:41 America/New_York] PHP Notice:  Undefined index: __aca_form__urescuer in /var/www/clients/client0/web1/web/pub/aca/acaform-handler.php on line 49
[26-Aug-2017 21:42:41 America/New_York] PHP Notice:  Undefined index: __aca_form__uphotos in /var/www/clients/client0/web1/web/pub/aca/acaform-handler.php on line 51
[27-Aug-2017 03:54:27 America/New_York] PHP Notice:  Undefined index: __aca_form__upresent in /var/www/clients/client0/web1/web/pub/aca/acaform-handler.php on line 48
[27-Aug-2017 03:54:27 America/New_York] PHP Notice:  Undefined index: __aca_form__urescuer in /var/www/clients/client0/web1/web/pub/aca/acaform-handler.php on line 49
[27-Aug-2017 03:54:27 America/New_York] PHP Notice:  Undefined index: __aca_form__uphotos in /var/www/clients/client0/web1/web/pub/aca/acaform-handler.php on line 51
[27-Aug-2017 04:28:27 America/New_York] PHP Notice:  Undefined index: __aca_form__upresent in /var/www/clients/client0/web1/web/pub/aca/acaform-handler.php on line 48
[27-Aug-2017 04:28:27 America/New_York] PHP Notice:  Undefined index: __aca_form__urescuer in /var/www/clients/client0/web1/web/pub/aca/acaform-handler.php on line 49
[27-Aug-2017 04:28:27 America/New_York] PHP Notice:  Undefined index: __aca_form__uphotos in /var/www/clients/client0/web1/web/pub/aca/acaform-handler.php on line 51
[27-Aug-2017 11:11:34 America/New_York] PHP Notice:  Undefined index: __aca_form__upresent in /var/www/clients/client0/web1/web/pub/aca/acaform-handler.php on line 48
[27-Aug-2017 11:11:34 America/New_York] PHP Notice:  Undefined index: __aca_form__urescuer in /var/www/clients/client0/web1/web/pub/aca/acaform-handler.php on line 49
[27-Aug-2017 11:11:34 America/New_York] PHP Notice:  Undefined index: __aca_form__uphotos in /var/www/clients/client0/web1/web/pub/aca/acaform-handler.php on line 51
[30-Aug-2017 05:57:34 America/New_York] PHP Notice:  Undefined index: __aca_form__upresent in /var/www/clients/client0/web1/web/pub/aca/acaform-handler.php on line 48
[30-Aug-2017 05:57:34 America/New_York] PHP Notice:  Undefined index: __aca_form__urescuer in /var/www/clients/client0/web1/web/pub/aca/acaform-handler.php on line 49
[30-Aug-2017 05:57:34 America/New_York] PHP Notice:  Undefined index: __aca_form__uphotos in /var/www/clients/client0/web1/web/pub/aca/acaform-handler.php on line 51
[31-Aug-2017 09:11:37 America/New_York] PHP Notice:  Undefined index: __aca_form__upresent in /var/www/clients/client0/web1/web/pub/aca/acaform-handler.php on line 48
[31-Aug-2017 09:11:37 America/New_York] PHP Notice:  Undefined index: __aca_form__urescuer in /var/www/clients/client0/web1/web/pub/aca/acaform-handler.php on line 49
[31-Aug-2017 09:11:37 America/New_York] PHP Notice:  Undefined index: __aca_form__uphotos in /var/www/clients/client0/web1/web/pub/aca/acaform-handler.php on line 51
[01-Sep-2017 17:25:26 America/New_York] PHP Notice:  Undefined index: __aca_form__upresent in /var/www/clients/client0/web1/web/pub/aca/acaform-handler.php on line 48
[01-Sep-2017 17:25:26 America/New_York] PHP Notice:  Undefined index: __aca_form__urescuer in /var/www/clients/client0/web1/web/pub/aca/acaform-handler.php on line 49
[01-Sep-2017 17:25:26 America/New_York] PHP Notice:  Undefined index: __aca_form__uphotos in /var/www/clients/client0/web1/web/pub/aca/acaform-handler.php on line 51
[01-Sep-2017 18:03:18 America/New_York] PHP Notice:  Undefined index: __aca_form__upresent in /var/www/clients/client0/web1/web/pub/aca/acaform-handler.php on line 48
[01-Sep-2017 18:03:18 America/New_York] PHP Notice:  Undefined index: __aca_form__urescuer in /var/www/clients/client0/web1/web/pub/aca/acaform-handler.php on line 49
[01-Sep-2017 18:03:18 America/New_York] PHP Notice:  Undefined index: __aca_form__uphotos in /var/www/clients/client0/web1/web/pub/aca/acaform-handler.php on line 51
[01-Sep-2017 18:03:25 America/New_York] PHP Notice:  Undefined index: __aca_form__upresent in /var/www/clients/client0/web1/web/pub/aca/acaform-handler.php on line 48
[01-Sep-2017 18:03:25 America/New_York] PHP Notice:  Undefined index: __aca_form__urescuer in /var/www/clients/client0/web1/web/pub/aca/acaform-handler.php on line 49
[01-Sep-2017 18:03:25 America/New_York] PHP Notice:  Undefined index: __aca_form__uphotos in /var/www/clients/client0/web1/web/pub/aca/acaform-handler.php on line 51
[03-Sep-2017 05:53:55 America/New_York] PHP Notice:  Undefined index: __aca_form__upresent in /var/www/clients/client0/web1/web/pub/aca/acaform-handler.php on line 48
[03-Sep-2017 05:53:55 America/New_York] PHP Notice:  Undefined index: __aca_form__urescuer in /var/www/clients/client0/web1/web/pub/aca/acaform-handler.php on line 49
[03-Sep-2017 05:53:55 America/New_York] PHP Notice:  Undefined index: __aca_form__uphotos in /var/www/clients/client0/web1/web/pub/aca/acaform-handler.php on line 51
[04-Sep-2017 04:18:51 America/New_York] PHP Notice:  Undefined index: __aca_form__upresent in /var/www/clients/client0/web1/web/pub/aca/acaform-handler.php on line 48
[04-Sep-2017 04:18:51 America/New_York] PHP Notice:  Undefined index: __aca_form__urescuer in /var/www/clients/client0/web1/web/pub/aca/acaform-handler.php on line 49
[04-Sep-2017 04:18:51 America/New_York] PHP Notice:  Undefined index: __aca_form__uphotos in /var/www/clients/client0/web1/web/pub/aca/acaform-handler.php on line 51
[04-Sep-2017 13:54:47 America/New_York] PHP Notice:  Undefined index: __aca_form__upresent in /var/www/clients/client0/web1/web/pub/aca/acaform-handler.php on line 48
[04-Sep-2017 13:54:47 America/New_York] PHP Notice:  Undefined index: __aca_form__urescuer in /var/www/clients/client0/web1/web/pub/aca/acaform-handler.php on line 49
[04-Sep-2017 13:54:47 America/New_York] PHP Notice:  Undefined index: __aca_form__uphotos in /var/www/clients/client0/web1/web/pub/aca/acaform-handler.php on line 51
[04-Sep-2017 16:44:07 America/New_York] PHP Notice:  Undefined index: __aca_form__upresent in /var/www/clients/client0/web1/web/pub/aca/acaform-handler.php on line 48
[04-Sep-2017 16:44:07 America/New_York] PHP Notice:  Undefined index: __aca_form__urescuer in /var/www/clients/client0/web1/web/pub/aca/acaform-handler.php on line 49
[04-Sep-2017 16:44:07 America/New_York] PHP Notice:  Undefined index: __aca_form__uphotos in /var/www/clients/client0/web1/web/pub/aca/acaform-handler.php on line 51
[04-Sep-2017 18:59:27 America/New_York] PHP Notice:  Undefined index: __aca_form__upresent in /var/www/clients/client0/web1/web/pub/aca/acaform-handler.php on line 48
[04-Sep-2017 18:59:27 America/New_York] PHP Notice:  Undefined index: __aca_form__urescuer in /var/www/clients/client0/web1/web/pub/aca/acaform-handler.php on line 49
[04-Sep-2017 18:59:27 America/New_York] PHP Notice:  Undefined index: __aca_form__uphotos in /var/www/clients/client0/web1/web/pub/aca/acaform-handler.php on line 51
[04-Sep-2017 20:27:06 America/New_York] PHP Notice:  Undefined index: __aca_form__upresent in /var/www/clients/client0/web1/web/pub/aca/acaform-handler.php on line 48
[04-Sep-2017 20:27:06 America/New_York] PHP Notice:  Undefined index: __aca_form__urescuer in /var/www/clients/client0/web1/web/pub/aca/acaform-handler.php on line 49
[04-Sep-2017 20:27:06 America/New_York] PHP Notice:  Undefined index: __aca_form__uphotos in /var/www/clients/client0/web1/web/pub/aca/acaform-handler.php on line 51
[04-Sep-2017 22:39:35 America/New_York] PHP Notice:  Undefined index: __aca_form__upresent in /var/www/clients/client0/web1/web/pub/aca/acaform-handler.php on line 48
[04-Sep-2017 22:39:35 America/New_York] PHP Notice:  Undefined index: __aca_form__urescuer in /var/www/clients/client0/web1/web/pub/aca/acaform-handler.php on line 49
[04-Sep-2017 22:39:35 America/New_York] PHP Notice:  Undefined index: __aca_form__uphotos in /var/www/clients/client0/web1/web/pub/aca/acaform-handler.php on line 51
[04-Sep-2017 22:50:04 America/New_York] PHP Notice:  Undefined index: __aca_form__upresent in /var/www/clients/client0/web1/web/pub/aca/acaform-handler.php on line 48
[04-Sep-2017 22:50:04 America/New_York] PHP Notice:  Undefined index: __aca_form__urescuer in /var/www/clients/client0/web1/web/pub/aca/acaform-handler.php on line 49
[04-Sep-2017 22:50:04 America/New_York] PHP Notice:  Undefined index: __aca_form__uphotos in /var/www/clients/client0/web1/web/pub/aca/acaform-handler.php on line 51
[05-Sep-2017 00:39:08 America/New_York] PHP Notice:  Undefined index: __aca_form__upresent in /var/www/clients/client0/web1/web/pub/aca/acaform-handler.php on line 48
[05-Sep-2017 00:39:08 America/New_York] PHP Notice:  Undefined index: __aca_form__urescuer in /var/www/clients/client0/web1/web/pub/aca/acaform-handler.php on line 49
[05-Sep-2017 00:39:08 America/New_York] PHP Notice:  Undefined index: __aca_form__uphotos in /var/www/clients/client0/web1/web/pub/aca/acaform-handler.php on line 51
[05-Sep-2017 08:28:54 America/New_York] PHP Notice:  Undefined index: __aca_form__upresent in /var/www/clients/client0/web1/web/pub/aca/acaform-handler.php on line 48
[05-Sep-2017 08:28:54 America/New_York] PHP Notice:  Undefined index: __aca_form__urescuer in /var/www/clients/client0/web1/web/pub/aca/acaform-handler.php on line 49
[05-Sep-2017 08:28:54 America/New_York] PHP Notice:  Undefined index: __aca_form__uphotos in /var/www/clients/client0/web1/web/pub/aca/acaform-handler.php on line 51
[05-Sep-2017 11:49:42 America/New_York] PHP Notice:  Undefined index: __aca_form__upresent in /var/www/clients/client0/web1/web/pub/aca/acaform-handler.php on line 48
[05-Sep-2017 11:49:42 America/New_York] PHP Notice:  Undefined index: __aca_form__urescuer in /var/www/clients/client0/web1/web/pub/aca/acaform-handler.php on line 49
[05-Sep-2017 11:49:42 America/New_York] PHP Notice:  Undefined index: __aca_form__uphotos in /var/www/clients/client0/web1/web/pub/aca/acaform-handler.php on line 51
[05-Sep-2017 20:25:41 America/New_York] PHP Notice:  Undefined index: __aca_form__upresent in /var/www/clients/client0/web1/web/pub/aca/acaform-handler.php on line 48
[05-Sep-2017 20:25:41 America/New_York] PHP Notice:  Undefined index: __aca_form__urescuer in /var/www/clients/client0/web1/web/pub/aca/acaform-handler.php on line 49
[05-Sep-2017 20:25:41 America/New_York] PHP Notice:  Undefined index: __aca_form__uphotos in /var/www/clients/client0/web1/web/pub/aca/acaform-handler.php on line 51
[06-Sep-2017 10:42:48 America/New_York] PHP Notice:  Undefined index: __aca_form__upresent in /var/www/clients/client0/web1/web/pub/aca/acaform-handler.php on line 48
[06-Sep-2017 10:42:48 America/New_York] PHP Notice:  Undefined index: __aca_form__urescuer in /var/www/clients/client0/web1/web/pub/aca/acaform-handler.php on line 49
[06-Sep-2017 10:42:48 America/New_York] PHP Notice:  Undefined index: __aca_form__uphotos in /var/www/clients/client0/web1/web/pub/aca/acaform-handler.php on line 51
[10-Sep-2017 14:04:33 America/New_York] PHP Notice:  Undefined index: __aca_form__upresent in /var/www/clients/client0/web1/web/pub/aca/acaform-handler.php on line 48
[10-Sep-2017 14:04:33 America/New_York] PHP Notice:  Undefined index: __aca_form__urescuer in /var/www/clients/client0/web1/web/pub/aca/acaform-handler.php on line 49
[10-Sep-2017 14:04:33 America/New_York] PHP Notice:  Undefined index: __aca_form__uphotos in /var/www/clients/client0/web1/web/pub/aca/acaform-handler.php on line 51
[11-Sep-2017 17:00:30 America/New_York] PHP Notice:  Undefined index: __aca_form__name in /var/www/clients/client0/web1/web/pub/aca/acaform-handler.php on line 34
[11-Sep-2017 17:00:30 America/New_York] PHP Notice:  Undefined index: __aca_form__email in /var/www/clients/client0/web1/web/pub/aca/acaform-handler.php on line 35
[11-Sep-2017 17:00:30 America/New_York] PHP Notice:  Undefined index: __aca_form__street in /var/www/clients/client0/web1/web/pub/aca/acaform-handler.php on line 36
[11-Sep-2017 17:00:30 America/New_York] PHP Notice:  Undefined index: __aca_form__city in /var/www/clients/client0/web1/web/pub/aca/acaform-handler.php on line 37
[11-Sep-2017 17:00:30 America/New_York] PHP Notice:  Undefined index: __aca_form__state in /var/www/clients/client0/web1/web/pub/aca/acaform-handler.php on line 38
[11-Sep-2017 17:00:30 America/New_York] PHP Notice:  Undefined index: __aca_form__zip in /var/www/clients/client0/web1/web/pub/aca/acaform-handler.php on line 39
[11-Sep-2017 17:00:30 America/New_York] PHP Notice:  Undefined index: __aca_form__phone in /var/www/clients/client0/web1/web/pub/aca/acaform-handler.php on line 40
[11-Sep-2017 17:00:30 America/New_York] PHP Notice:  Undefined index: __aca_form__idate in /var/www/clients/client0/web1/web/pub/aca/acaform-handler.php on line 41
[11-Sep-2017 17:00:30 America/New_York] PHP Notice:  Undefined index: __aca_form__icave in /var/www/clients/client0/web1/web/pub/aca/acaform-handler.php on line 42
[11-Sep-2017 17:00:30 America/New_York] PHP Notice:  Undefined index: __aca_form__icounty in /var/www/clients/client0/web1/web/pub/aca/acaform-handler.php on line 43
[11-Sep-2017 17:00:30 America/New_York] PHP Notice:  Undefined index: __aca_form__istate in /var/www/clients/client0/web1/web/pub/aca/acaform-handler.php on line 44
[11-Sep-2017 17:00:30 America/New_York] PHP Notice:  Undefined index: __aca_form__icountry in /var/www/clients/client0/web1/web/pub/aca/acaform-handler.php on line 45
[11-Sep-2017 17:00:30 America/New_York] PHP Notice:  Undefined index: __aca_form__itype in /var/www/clients/client0/web1/web/pub/aca/acaform-handler.php on line 46
[11-Sep-2017 17:00:30 America/New_York] PHP Notice:  Undefined index: __aca_form__iresult in /var/www/clients/client0/web1/web/pub/aca/acaform-handler.php on line 47
[11-Sep-2017 17:00:30 America/New_York] PHP Notice:  Undefined index: __aca_form__upresent in /var/www/clients/client0/web1/web/pub/aca/acaform-handler.php on line 48
[11-Sep-2017 17:00:30 America/New_York] PHP Notice:  Undefined index: __aca_form__urescuer in /var/www/clients/client0/web1/web/pub/aca/acaform-handler.php on line 49
[11-Sep-2017 17:00:30 America/New_York] PHP Notice:  Undefined index: __aca_form__urole in /var/www/clients/client0/web1/web/pub/aca/acaform-handler.php on line 50
[11-Sep-2017 17:00:30 America/New_York] PHP Notice:  Undefined index: __aca_form__uphotos in /var/www/clients/client0/web1/web/pub/aca/acaform-handler.php on line 51
[11-Sep-2017 17:00:30 America/New_York] PHP Notice:  Undefined index: __aca_form__description in /var/www/clients/client0/web1/web/pub/aca/acaform-handler.php on line 52
[12-Sep-2017 09:19:12 America/New_York] PHP Notice:  Undefined index: __aca_form__name in /var/www/clients/client0/web1/web/pub/aca/acaform-handler.php on line 34
[12-Sep-2017 09:19:12 America/New_York] PHP Notice:  Undefined index: __aca_form__email in /var/www/clients/client0/web1/web/pub/aca/acaform-handler.php on line 35
[12-Sep-2017 09:19:12 America/New_York] PHP Notice:  Undefined index: __aca_form__street in /var/www/clients/client0/web1/web/pub/aca/acaform-handler.php on line 36
[12-Sep-2017 09:19:12 America/New_York] PHP Notice:  Undefined index: __aca_form__city in /var/www/clients/client0/web1/web/pub/aca/acaform-handler.php on line 37
[12-Sep-2017 09:19:12 America/New_York] PHP Notice:  Undefined index: __aca_form__state in /var/www/clients/client0/web1/web/pub/aca/acaform-handler.php on line 38
[12-Sep-2017 09:19:12 America/New_York] PHP Notice:  Undefined index: __aca_form__zip in /var/www/clients/client0/web1/web/pub/aca/acaform-handler.php on line 39
[12-Sep-2017 09:19:12 America/New_York] PHP Notice:  Undefined index: __aca_form__phone in /var/www/clients/client0/web1/web/pub/aca/acaform-handler.php on line 40
[12-Sep-2017 09:19:12 America/New_York] PHP Notice:  Undefined index: __aca_form__idate in /var/www/clients/client0/web1/web/pub/aca/acaform-handler.php on line 41
[12-Sep-2017 09:19:12 America/New_York] PHP Notice:  Undefined index: __aca_form__icave in /var/www/clients/client0/web1/web/pub/aca/acaform-handler.php on line 42
[12-Sep-2017 09:19:12 America/New_York] PHP Notice:  Undefined index: __aca_form__icounty in /var/www/clients/client0/web1/web/pub/aca/acaform-handler.php on line 43
[12-Sep-2017 09:19:12 America/New_York] PHP Notice:  Undefined index: __aca_form__istate in /var/www/clients/client0/web1/web/pub/aca/acaform-handler.php on line 44
[12-Sep-2017 09:19:12 America/New_York] PHP Notice:  Undefined index: __aca_form__icountry in /var/www/clients/client0/web1/web/pub/aca/acaform-handler.php on line 45
[12-Sep-2017 09:19:12 America/New_York] PHP Notice:  Undefined index: __aca_form__itype in /var/www/clients/client0/web1/web/pub/aca/acaform-handler.php on line 46
[12-Sep-2017 09:19:12 America/New_York] PHP Notice:  Undefined index: __aca_form__iresult in /var/www/clients/client0/web1/web/pub/aca/acaform-handler.php on line 47
[12-Sep-2017 09:19:12 America/New_York] PHP Notice:  Undefined index: __aca_form__upresent in /var/www/clients/client0/web1/web/pub/aca/acaform-handler.php on line 48
[12-Sep-2017 09:19:12 America/New_York] PHP Notice:  Undefined index: __aca_form__urescuer in /var/www/clients/client0/web1/web/pub/aca/acaform-handler.php on line 49
[12-Sep-2017 09:19:12 America/New_York] PHP Notice:  Undefined index: __aca_form__urole in /var/www/clients/client0/web1/web/pub/aca/acaform-handler.php on line 50
[12-Sep-2017 09:19:12 America/New_York] PHP Notice:  Undefined index: __aca_form__uphotos in /var/www/clients/client0/web1/web/pub/aca/acaform-handler.php on line 51
[12-Sep-2017 09:19:12 America/New_York] PHP Notice:  Undefined index: __aca_form__description in /var/www/clients/client0/web1/web/pub/aca/acaform-handler.php on line 52
[12-Sep-2017 09:31:56 America/New_York] PHP Notice:  Undefined index: __aca_form__name in /var/www/clients/client0/web1/web/pub/aca/acaform-handler.php on line 34
[12-Sep-2017 09:31:56 America/New_York] PHP Notice:  Undefined index: __aca_form__email in /var/www/clients/client0/web1/web/pub/aca/acaform-handler.php on line 35
[12-Sep-2017 09:31:56 America/New_York] PHP Notice:  Undefined index: __aca_form__street in /var/www/clients/client0/web1/web/pub/aca/acaform-handler.php on line 36
[12-Sep-2017 09:31:56 America/New_York] PHP Notice:  Undefined index: __aca_form__city in /var/www/clients/client0/web1/web/pub/aca/acaform-handler.php on line 37
[12-Sep-2017 09:31:56 America/New_York] PHP Notice:  Undefined index: __aca_form__state in /var/www/clients/client0/web1/web/pub/aca/acaform-handler.php on line 38
[12-Sep-2017 09:31:56 America/New_York] PHP Notice:  Undefined index: __aca_form__zip in /var/www/clients/client0/web1/web/pub/aca/acaform-handler.php on line 39
[12-Sep-2017 09:31:56 America/New_York] PHP Notice:  Undefined index: __aca_form__phone in /var/www/clients/client0/web1/web/pub/aca/acaform-handler.php on line 40
[12-Sep-2017 09:31:56 America/New_York] PHP Notice:  Undefined index: __aca_form__idate in /var/www/clients/client0/web1/web/pub/aca/acaform-handler.php on line 41
[12-Sep-2017 09:31:56 America/New_York] PHP Notice:  Undefined index: __aca_form__icave in /var/www/clients/client0/web1/web/pub/aca/acaform-handler.php on line 42
[12-Sep-2017 09:31:56 America/New_York] PHP Notice:  Undefined index: __aca_form__icounty in /var/www/clients/client0/web1/web/pub/aca/acaform-handler.php on line 43
[12-Sep-2017 09:31:56 America/New_York] PHP Notice:  Undefined index: __aca_form__istate in /var/www/clients/client0/web1/web/pub/aca/acaform-handler.php on line 44
[12-Sep-2017 09:31:56 America/New_York] PHP Notice:  Undefined index: __aca_form__icountry in /var/www/clients/client0/web1/web/pub/aca/acaform-handler.php on line 45
[12-Sep-2017 09:31:56 America/New_York] PHP Notice:  Undefined index: __aca_form__itype in /var/www/clients/client0/web1/web/pub/aca/acaform-handler.php on line 46
[12-Sep-2017 09:31:56 America/New_York] PHP Notice:  Undefined index: __aca_form__iresult in /var/www/clients/client0/web1/web/pub/aca/acaform-handler.php on line 47
[12-Sep-2017 09:31:56 America/New_York] PHP Notice:  Undefined index: __aca_form__upresent in /var/www/clients/client0/web1/web/pub/aca/acaform-handler.php on line 48
[12-Sep-2017 09:31:56 America/New_York] PHP Notice:  Undefined index: __aca_form__urescuer in /var/www/clients/client0/web1/web/pub/aca/acaform-handler.php on line 49
[12-Sep-2017 09:31:56 America/New_York] PHP Notice:  Undefined index: __aca_form__urole in /var/www/clients/client0/web1/web/pub/aca/acaform-handler.php on line 50
[12-Sep-2017 09:31:56 America/New_York] PHP Notice:  Undefined index: __aca_form__uphotos in /var/www/clients/client0/web1/web/pub/aca/acaform-handler.php on line 51
[12-Sep-2017 09:31:56 America/New_York] PHP Notice:  Undefined index: __aca_form__description in /var/www/clients/client0/web1/web/pub/aca/acaform-handler.php on line 52
[17-Sep-2017 01:51:01 America/New_York] PHP Notice:  Undefined index: __aca_form__upresent in /var/www/clients/client0/web1/web/pub/aca/acaform-handler.php on line 48
[17-Sep-2017 01:51:01 America/New_York] PHP Notice:  Undefined index: __aca_form__urescuer in /var/www/clients/client0/web1/web/pub/aca/acaform-handler.php on line 49
[17-Sep-2017 01:51:01 America/New_York] PHP Notice:  Undefined index: __aca_form__uphotos in /var/www/clients/client0/web1/web/pub/aca/acaform-handler.php on line 51
[17-Sep-2017 13:46:57 America/New_York] PHP Notice:  Undefined index: __aca_form__upresent in /var/www/clients/client0/web1/web/pub/aca/acaform-handler.php on line 48
[17-Sep-2017 13:46:57 America/New_York] PHP Notice:  Undefined index: __aca_form__urescuer in /var/www/clients/client0/web1/web/pub/aca/acaform-handler.php on line 49
[17-Sep-2017 13:46:57 America/New_York] PHP Notice:  Undefined index: __aca_form__uphotos in /var/www/clients/client0/web1/web/pub/aca/acaform-handler.php on line 51
[20-Sep-2017 23:29:46 America/New_York] PHP Notice:  Undefined index: __aca_form__upresent in /var/www/clients/client0/web1/web/pub/aca/acaform-handler.php on line 48
[20-Sep-2017 23:29:46 America/New_York] PHP Notice:  Undefined index: __aca_form__urescuer in /var/www/clients/client0/web1/web/pub/aca/acaform-handler.php on line 49
[20-Sep-2017 23:29:46 America/New_York] PHP Notice:  Undefined index: __aca_form__uphotos in /var/www/clients/client0/web1/web/pub/aca/acaform-handler.php on line 51
[21-Sep-2017 05:07:32 America/New_York] PHP Notice:  Undefined index: __aca_form__upresent in /var/www/clients/client0/web1/web/pub/aca/acaform-handler.php on line 48
[21-Sep-2017 05:07:32 America/New_York] PHP Notice:  Undefined index: __aca_form__urescuer in /var/www/clients/client0/web1/web/pub/aca/acaform-handler.php on line 49
[21-Sep-2017 05:07:32 America/New_York] PHP Notice:  Undefined index: __aca_form__uphotos in /var/www/clients/client0/web1/web/pub/aca/acaform-handler.php on line 51
[21-Sep-2017 08:20:34 America/New_York] PHP Notice:  Undefined index: __aca_form__upresent in /var/www/clients/client0/web1/web/pub/aca/acaform-handler.php on line 48
[21-Sep-2017 08:20:34 America/New_York] PHP Notice:  Undefined index: __aca_form__urescuer in /var/www/clients/client0/web1/web/pub/aca/acaform-handler.php on line 49
[21-Sep-2017 08:20:34 America/New_York] PHP Notice:  Undefined index: __aca_form__uphotos in /var/www/clients/client0/web1/web/pub/aca/acaform-handler.php on line 51
[22-Sep-2017 00:02:26 America/New_York] PHP Notice:  Undefined index: __aca_form__upresent in /var/www/clients/client0/web1/web/pub/aca/acaform-handler.php on line 48
[22-Sep-2017 00:02:26 America/New_York] PHP Notice:  Undefined index: __aca_form__urescuer in /var/www/clients/client0/web1/web/pub/aca/acaform-handler.php on line 49
[22-Sep-2017 00:02:26 America/New_York] PHP Notice:  Undefined index: __aca_form__uphotos in /var/www/clients/client0/web1/web/pub/aca/acaform-handler.php on line 51
[22-Sep-2017 09:43:14 America/New_York] PHP Notice:  Undefined index: __aca_form__upresent in /var/www/clients/client0/web1/web/pub/aca/acaform-handler.php on line 48
[22-Sep-2017 09:43:14 America/New_York] PHP Notice:  Undefined index: __aca_form__urescuer in /var/www/clients/client0/web1/web/pub/aca/acaform-handler.php on line 49
[22-Sep-2017 09:43:14 America/New_York] PHP Notice:  Undefined index: __aca_form__uphotos in /var/www/clients/client0/web1/web/pub/aca/acaform-handler.php on line 51
[01-Oct-2017 01:07:34 America/New_York] PHP Notice:  Undefined index: __aca_form__upresent in /var/www/clients/client0/web1/web/pub/aca/acaform-handler.php on line 48
[01-Oct-2017 01:07:34 America/New_York] PHP Notice:  Undefined index: __aca_form__urescuer in /var/www/clients/client0/web1/web/pub/aca/acaform-handler.php on line 49
[01-Oct-2017 01:07:34 America/New_York] PHP Notice:  Undefined index: __aca_form__uphotos in /var/www/clients/client0/web1/web/pub/aca/acaform-handler.php on line 51
[03-Oct-2017 00:17:00 America/New_York] PHP Notice:  Undefined index: __aca_form__upresent in /var/www/clients/client0/web1/web/pub/aca/acaform-handler.php on line 48
[03-Oct-2017 00:17:00 America/New_York] PHP Notice:  Undefined index: __aca_form__urescuer in /var/www/clients/client0/web1/web/pub/aca/acaform-handler.php on line 49
[03-Oct-2017 00:17:00 America/New_York] PHP Notice:  Undefined index: __aca_form__uphotos in /var/www/clients/client0/web1/web/pub/aca/acaform-handler.php on line 51
[03-Oct-2017 22:18:00 America/New_York] PHP Notice:  Undefined index: __aca_form__upresent in /var/www/clients/client0/web1/web/pub/aca/acaform-handler.php on line 48
[03-Oct-2017 22:18:00 America/New_York] PHP Notice:  Undefined index: __aca_form__urescuer in /var/www/clients/client0/web1/web/pub/aca/acaform-handler.php on line 49
[03-Oct-2017 22:18:00 America/New_York] PHP Notice:  Undefined index: __aca_form__uphotos in /var/www/clients/client0/web1/web/pub/aca/acaform-handler.php on line 51
[17-Oct-2017 22:10:34 America/New_York] PHP Notice:  Undefined index: __aca_form__upresent in /var/www/clients/client0/web1/web/pub/aca/acaform-handler.php on line 48
[17-Oct-2017 22:10:34 America/New_York] PHP Notice:  Undefined index: __aca_form__urescuer in /var/www/clients/client0/web1/web/pub/aca/acaform-handler.php on line 49
[17-Oct-2017 22:10:34 America/New_York] PHP Notice:  Undefined index: __aca_form__uphotos in /var/www/clients/client0/web1/web/pub/aca/acaform-handler.php on line 51
[23-Oct-2017 08:53:13 America/New_York] PHP Notice:  Undefined index: __aca_form__upresent in /var/www/clients/client0/web1/web/pub/aca/acaform-handler.php on line 48
[23-Oct-2017 08:53:13 America/New_York] PHP Notice:  Undefined index: __aca_form__urescuer in /var/www/clients/client0/web1/web/pub/aca/acaform-handler.php on line 49
[23-Oct-2017 08:53:13 America/New_York] PHP Notice:  Undefined index: __aca_form__uphotos in /var/www/clients/client0/web1/web/pub/aca/acaform-handler.php on line 51
[23-Oct-2017 11:40:43 America/New_York] PHP Notice:  Undefined index: __aca_form__upresent in /var/www/clients/client0/web1/web/pub/aca/acaform-handler.php on line 48
[23-Oct-2017 11:40:43 America/New_York] PHP Notice:  Undefined index: __aca_form__urescuer in /var/www/clients/client0/web1/web/pub/aca/acaform-handler.php on line 49
[23-Oct-2017 11:40:43 America/New_York] PHP Notice:  Undefined index: __aca_form__uphotos in /var/www/clients/client0/web1/web/pub/aca/acaform-handler.php on line 51
[25-Oct-2017 00:25:47 America/New_York] PHP Notice:  Undefined index: __aca_form__upresent in /var/www/clients/client0/web1/web/pub/aca/acaform-handler.php on line 48
[25-Oct-2017 00:25:47 America/New_York] PHP Notice:  Undefined index: __aca_form__urescuer in /var/www/clients/client0/web1/web/pub/aca/acaform-handler.php on line 49
[25-Oct-2017 00:25:47 America/New_York] PHP Notice:  Undefined index: __aca_form__uphotos in /var/www/clients/client0/web1/web/pub/aca/acaform-handler.php on line 51
[28-Oct-2017 04:54:00 America/New_York] PHP Notice:  Undefined index: __aca_form__upresent in /var/www/clients/client0/web1/web/pub/aca/acaform-handler.php on line 48
[28-Oct-2017 04:54:00 America/New_York] PHP Notice:  Undefined index: __aca_form__urescuer in /var/www/clients/client0/web1/web/pub/aca/acaform-handler.php on line 49
[28-Oct-2017 04:54:00 America/New_York] PHP Notice:  Undefined index: __aca_form__uphotos in /var/www/clients/client0/web1/web/pub/aca/acaform-handler.php on line 51
[31-Oct-2017 15:33:14 America/New_York] PHP Notice:  Undefined index: __aca_form__upresent in /var/www/clients/client0/web1/web/pub/aca/acaform-handler.php on line 48
[31-Oct-2017 15:33:14 America/New_York] PHP Notice:  Undefined index: __aca_form__urescuer in /var/www/clients/client0/web1/web/pub/aca/acaform-handler.php on line 49
[31-Oct-2017 15:33:14 America/New_York] PHP Notice:  Undefined index: __aca_form__uphotos in /var/www/clients/client0/web1/web/pub/aca/acaform-handler.php on line 51
[31-Oct-2017 18:13:55 America/New_York] PHP Notice:  Undefined index: __aca_form__upresent in /var/www/clients/client0/web1/web/pub/aca/acaform-handler.php on line 48
[31-Oct-2017 18:13:55 America/New_York] PHP Notice:  Undefined index: __aca_form__urescuer in /var/www/clients/client0/web1/web/pub/aca/acaform-handler.php on line 49
[31-Oct-2017 18:13:55 America/New_York] PHP Notice:  Undefined index: __aca_form__uphotos in /var/www/clients/client0/web1/web/pub/aca/acaform-handler.php on line 51
[02-Nov-2017 06:58:39 America/New_York] PHP Notice:  Undefined index: __aca_form__upresent in /var/www/clients/client0/web1/web/pub/aca/acaform-handler.php on line 48
[02-Nov-2017 06:58:39 America/New_York] PHP Notice:  Undefined index: __aca_form__urescuer in /var/www/clients/client0/web1/web/pub/aca/acaform-handler.php on line 49
[02-Nov-2017 06:58:39 America/New_York] PHP Notice:  Undefined index: __aca_form__uphotos in /var/www/clients/client0/web1/web/pub/aca/acaform-handler.php on line 51
[02-Nov-2017 14:52:13 America/New_York] PHP Notice:  Undefined index: __aca_form__upresent in /var/www/clients/client0/web1/web/pub/aca/acaform-handler.php on line 48
[02-Nov-2017 14:52:13 America/New_York] PHP Notice:  Undefined index: __aca_form__urescuer in /var/www/clients/client0/web1/web/pub/aca/acaform-handler.php on line 49
[02-Nov-2017 14:52:13 America/New_York] PHP Notice:  Undefined index: __aca_form__uphotos in /var/www/clients/client0/web1/web/pub/aca/acaform-handler.php on line 51
[03-Nov-2017 17:44:11 America/New_York] PHP Notice:  Undefined index: __aca_form__upresent in /var/www/clients/client0/web1/web/pub/aca/acaform-handler.php on line 48
[03-Nov-2017 17:44:11 America/New_York] PHP Notice:  Undefined index: __aca_form__urescuer in /var/www/clients/client0/web1/web/pub/aca/acaform-handler.php on line 49
[03-Nov-2017 17:44:11 America/New_York] PHP Notice:  Undefined index: __aca_form__uphotos in /var/www/clients/client0/web1/web/pub/aca/acaform-handler.php on line 51
[04-Nov-2017 07:34:36 America/New_York] PHP Notice:  Undefined index: __aca_form__name in /var/www/clients/client0/web1/web/pub/aca/acaform-handler.php on line 34
[04-Nov-2017 07:34:36 America/New_York] PHP Notice:  Undefined index: __aca_form__email in /var/www/clients/client0/web1/web/pub/aca/acaform-handler.php on line 35
[04-Nov-2017 07:34:36 America/New_York] PHP Notice:  Undefined index: __aca_form__street in /var/www/clients/client0/web1/web/pub/aca/acaform-handler.php on line 36
[04-Nov-2017 07:34:36 America/New_York] PHP Notice:  Undefined index: __aca_form__city in /var/www/clients/client0/web1/web/pub/aca/acaform-handler.php on line 37
[04-Nov-2017 07:34:36 America/New_York] PHP Notice:  Undefined index: __aca_form__state in /var/www/clients/client0/web1/web/pub/aca/acaform-handler.php on line 38
[04-Nov-2017 07:34:36 America/New_York] PHP Notice:  Undefined index: __aca_form__zip in /var/www/clients/client0/web1/web/pub/aca/acaform-handler.php on line 39
[04-Nov-2017 07:34:36 America/New_York] PHP Notice:  Undefined index: __aca_form__phone in /var/www/clients/client0/web1/web/pub/aca/acaform-handler.php on line 40
[04-Nov-2017 07:34:36 America/New_York] PHP Notice:  Undefined index: __aca_form__idate in /var/www/clients/client0/web1/web/pub/aca/acaform-handler.php on line 41
[04-Nov-2017 07:34:36 America/New_York] PHP Notice:  Undefined index: __aca_form__icave in /var/www/clients/client0/web1/web/pub/aca/acaform-handler.php on line 42
[04-Nov-2017 07:34:36 America/New_York] PHP Notice:  Undefined index: __aca_form__icounty in /var/www/clients/client0/web1/web/pub/aca/acaform-handler.php on line 43
[04-Nov-2017 07:34:36 America/New_York] PHP Notice:  Undefined index: __aca_form__istate in /var/www/clients/client0/web1/web/pub/aca/acaform-handler.php on line 44
[04-Nov-2017 07:34:36 America/New_York] PHP Notice:  Undefined index: __aca_form__icountry in /var/www/clients/client0/web1/web/pub/aca/acaform-handler.php on line 45
[04-Nov-2017 07:34:36 America/New_York] PHP Notice:  Undefined index: __aca_form__itype in /var/www/clients/client0/web1/web/pub/aca/acaform-handler.php on line 46
[04-Nov-2017 07:34:36 America/New_York] PHP Notice:  Undefined index: __aca_form__iresult in /var/www/clients/client0/web1/web/pub/aca/acaform-handler.php on line 47
[04-Nov-2017 07:34:36 America/New_York] PHP Notice:  Undefined index: __aca_form__upresent in /var/www/clients/client0/web1/web/pub/aca/acaform-handler.php on line 48
[04-Nov-2017 07:34:36 America/New_York] PHP Notice:  Undefined index: __aca_form__urescuer in /var/www/clients/client0/web1/web/pub/aca/acaform-handler.php on line 49
[04-Nov-2017 07:34:36 America/New_York] PHP Notice:  Undefined index: __aca_form__urole in /var/www/clients/client0/web1/web/pub/aca/acaform-handler.php on line 50
[04-Nov-2017 07:34:36 America/New_York] PHP Notice:  Undefined index: __aca_form__uphotos in /var/www/clients/client0/web1/web/pub/aca/acaform-handler.php on line 51
[04-Nov-2017 07:34:36 America/New_York] PHP Notice:  Undefined index: __aca_form__description in /var/www/clients/client0/web1/web/pub/aca/acaform-handler.php on line 52
[05-Nov-2017 08:03:28 America/New_York] PHP Notice:  Undefined index: __aca_form__upresent in /var/www/clients/client0/web1/web/pub/aca/acaform-handler.php on line 48
[05-Nov-2017 08:03:28 America/New_York] PHP Notice:  Undefined index: __aca_form__urescuer in /var/www/clients/client0/web1/web/pub/aca/acaform-handler.php on line 49
[05-Nov-2017 08:03:28 America/New_York] PHP Notice:  Undefined index: __aca_form__uphotos in /var/www/clients/client0/web1/web/pub/aca/acaform-handler.php on line 51
[05-Nov-2017 10:56:08 America/New_York] PHP Notice:  Undefined index: __aca_form__upresent in /var/www/clients/client0/web1/web/pub/aca/acaform-handler.php on line 48
[05-Nov-2017 10:56:08 America/New_York] PHP Notice:  Undefined index: __aca_form__urescuer in /var/www/clients/client0/web1/web/pub/aca/acaform-handler.php on line 49
[05-Nov-2017 10:56:08 America/New_York] PHP Notice:  Undefined index: __aca_form__uphotos in /var/www/clients/client0/web1/web/pub/aca/acaform-handler.php on line 51
[05-Nov-2017 20:19:48 America/New_York] PHP Notice:  Undefined index: __aca_form__upresent in /var/www/clients/client0/web1/web/pub/aca/acaform-handler.php on line 48
[05-Nov-2017 20:19:48 America/New_York] PHP Notice:  Undefined index: __aca_form__urescuer in /var/www/clients/client0/web1/web/pub/aca/acaform-handler.php on line 49
[05-Nov-2017 20:19:48 America/New_York] PHP Notice:  Undefined index: __aca_form__uphotos in /var/www/clients/client0/web1/web/pub/aca/acaform-handler.php on line 51
[06-Nov-2017 05:38:36 America/New_York] PHP Notice:  Undefined index: __aca_form__upresent in /var/www/clients/client0/web1/web/pub/aca/acaform-handler.php on line 48
[06-Nov-2017 05:38:36 America/New_York] PHP Notice:  Undefined index: __aca_form__urescuer in /var/www/clients/client0/web1/web/pub/aca/acaform-handler.php on line 49
[06-Nov-2017 05:38:36 America/New_York] PHP Notice:  Undefined index: __aca_form__uphotos in /var/www/clients/client0/web1/web/pub/aca/acaform-handler.php on line 51
[06-Nov-2017 23:52:25 America/New_York] PHP Notice:  Undefined index: __aca_form__name in /var/www/clients/client0/web1/web/pub/aca/acaform-handler.php on line 34
[06-Nov-2017 23:52:25 America/New_York] PHP Notice:  Undefined index: __aca_form__email in /var/www/clients/client0/web1/web/pub/aca/acaform-handler.php on line 35
[06-Nov-2017 23:52:25 America/New_York] PHP Notice:  Undefined index: __aca_form__street in /var/www/clients/client0/web1/web/pub/aca/acaform-handler.php on line 36
[06-Nov-2017 23:52:25 America/New_York] PHP Notice:  Undefined index: __aca_form__city in /var/www/clients/client0/web1/web/pub/aca/acaform-handler.php on line 37
[06-Nov-2017 23:52:25 America/New_York] PHP Notice:  Undefined index: __aca_form__state in /var/www/clients/client0/web1/web/pub/aca/acaform-handler.php on line 38
[06-Nov-2017 23:52:25 America/New_York] PHP Notice:  Undefined index: __aca_form__zip in /var/www/clients/client0/web1/web/pub/aca/acaform-handler.php on line 39
[06-Nov-2017 23:52:25 America/New_York] PHP Notice:  Undefined index: __aca_form__phone in /var/www/clients/client0/web1/web/pub/aca/acaform-handler.php on line 40
[06-Nov-2017 23:52:25 America/New_York] PHP Notice:  Undefined index: __aca_form__idate in /var/www/clients/client0/web1/web/pub/aca/acaform-handler.php on line 41
[06-Nov-2017 23:52:25 America/New_York] PHP Notice:  Undefined index: __aca_form__icave in /var/www/clients/client0/web1/web/pub/aca/acaform-handler.php on line 42
[06-Nov-2017 23:52:25 America/New_York] PHP Notice:  Undefined index: __aca_form__icounty in /var/www/clients/client0/web1/web/pub/aca/acaform-handler.php on line 43
[06-Nov-2017 23:52:25 America/New_York] PHP Notice:  Undefined index: __aca_form__istate in /var/www/clients/client0/web1/web/pub/aca/acaform-handler.php on line 44
[06-Nov-2017 23:52:25 America/New_York] PHP Notice:  Undefined index: __aca_form__icountry in /var/www/clients/client0/web1/web/pub/aca/acaform-handler.php on line 45
[06-Nov-2017 23:52:25 America/New_York] PHP Notice:  Undefined index: __aca_form__itype in /var/www/clients/client0/web1/web/pub/aca/acaform-handler.php on line 46
[06-Nov-2017 23:52:25 America/New_York] PHP Notice:  Undefined index: __aca_form__iresult in /var/www/clients/client0/web1/web/pub/aca/acaform-handler.php on line 47
[06-Nov-2017 23:52:25 America/New_York] PHP Notice:  Undefined index: __aca_form__upresent in /var/www/clients/client0/web1/web/pub/aca/acaform-handler.php on line 48
[06-Nov-2017 23:52:25 America/New_York] PHP Notice:  Undefined index: __aca_form__urescuer in /var/www/clients/client0/web1/web/pub/aca/acaform-handler.php on line 49
[06-Nov-2017 23:52:25 America/New_York] PHP Notice:  Undefined index: __aca_form__urole in /var/www/clients/client0/web1/web/pub/aca/acaform-handler.php on line 50
[06-Nov-2017 23:52:25 America/New_York] PHP Notice:  Undefined index: __aca_form__uphotos in /var/www/clients/client0/web1/web/pub/aca/acaform-handler.php on line 51
[06-Nov-2017 23:52:25 America/New_York] PHP Notice:  Undefined index: __aca_form__description in /var/www/clients/client0/web1/web/pub/aca/acaform-handler.php on line 52
[07-Nov-2017 07:37:17 America/New_York] PHP Notice:  Undefined index: __aca_form__upresent in /var/www/clients/client0/web1/web/pub/aca/acaform-handler.php on line 48
[07-Nov-2017 07:37:17 America/New_York] PHP Notice:  Undefined index: __aca_form__urescuer in /var/www/clients/client0/web1/web/pub/aca/acaform-handler.php on line 49
[07-Nov-2017 07:37:17 America/New_York] PHP Notice:  Undefined index: __aca_form__uphotos in /var/www/clients/client0/web1/web/pub/aca/acaform-handler.php on line 51
[07-Nov-2017 15:45:07 America/New_York] PHP Notice:  Undefined index: __aca_form__upresent in /var/www/clients/client0/web1/web/pub/aca/acaform-handler.php on line 48
[07-Nov-2017 15:45:07 America/New_York] PHP Notice:  Undefined index: __aca_form__urescuer in /var/www/clients/client0/web1/web/pub/aca/acaform-handler.php on line 49
[07-Nov-2017 15:45:07 America/New_York] PHP Notice:  Undefined index: __aca_form__uphotos in /var/www/clients/client0/web1/web/pub/aca/acaform-handler.php on line 51
